[debug] [2021-09-04T06:49:05.864Z] ----------------------------------------------------------------------
[debug] [2021-09-04T06:49:05.868Z] Command:       /usr/local/bin/node /usr/local/bin/firebase deploy
[debug] [2021-09-04T06:49:05.869Z] CLI Version:   9.1.0
[debug] [2021-09-04T06:49:05.869Z] Platform:      darwin
[debug] [2021-09-04T06:49:05.869Z] Node Version:  v12.4.0
[debug] [2021-09-04T06:49:05.894Z] Time:          Sat Sep 04 2021 02:49:05 GMT-0400 (Eastern Daylight Time)
[debug] [2021-09-04T06:49:05.895Z] ----------------------------------------------------------------------
[debug] [2021-09-04T06:49:05.895Z] 
[debug] [2021-09-04T06:49:05.915Z] > command requires scopes: ["email","openid","https://www.googleapis.com/auth/cloudplatformprojects.readonly","https://www.googleapis.com/auth/firebase","https://www.googleapis.com/auth/cloud-platform"]
[debug] [2021-09-04T06:49:05.915Z] > authorizing via signed-in user
[debug] [2021-09-04T06:49:05.915Z] [iam] checking project personal-40151 for permissions ["firebase.projects.get","firebasehosting.sites.update"]
[debug] [2021-09-04T06:49:05.927Z] > refreshing access token with scopes: ["email","https://www.googleapis.com/auth/cloud-platform","https://www.googleapis.com/auth/cloudplatformprojects.readonly","https://www.googleapis.com/auth/firebase","openid"]
[debug] [2021-09-04T06:49:05.927Z] >>> HTTP REQUEST POST https://www.googleapis.com/oauth2/v3/token  
 <request body omitted>
[debug] [2021-09-04T06:49:06.173Z] <<< HTTP RESPONSE 200 {"expires":"Mon, 01 Jan 1990 00:00:00 GMT","date":"Sat, 04 Sep 2021 06:49:06 GMT","cache-control":"no-cache, no-store, max-age=0, must-revalidate","pragma":"no-cache","content-type":"application/json; charset=utf-8","vary":"X-Origin, Referer, Origin,Accept-Encoding","server":"scaffolding on HTTPServer2","x-xss-protection":"0","x-frame-options":"SAMEORIGIN","x-content-type-options":"nosniff","alt-svc":"h3=\":443\"; ma=2592000,h3-29=\":443\"; ma=2592000,h3-T051=\":443\"; ma=2592000,h3-Q050=\":443\"; ma=2592000,h3-Q046=\":443\"; ma=2592000,h3-Q043=\":443\"; ma=2592000,quic=\":443\"; ma=2592000; v=\"46,43\"","accept-ranges":"none","transfer-encoding":"chunked"}
[debug] [2021-09-04T06:49:06.189Z] >>> HTTP REQUEST POST https://cloudresourcemanager.googleapis.com/v1/projects/personal-40151:testIamPermissions  
 {"permissions":["firebase.projects.get","firebasehosting.sites.update"]}
[debug] [2021-09-04T06:49:06.582Z] <<< HTTP RESPONSE 200 {"content-type":"application/json; charset=UTF-8","vary":"X-Origin, Referer, Origin,Accept-Encoding","date":"Sat, 04 Sep 2021 06:49:06 GMT","server":"ESF","cache-control":"private","x-xss-protection":"0","x-frame-options":"SAMEORIGIN","x-content-type-options":"nosniff","server-timing":"gfet4t7; dur=140","alt-svc":"h3=\":443\"; ma=2592000,h3-29=\":443\"; ma=2592000,h3-T051=\":443\"; ma=2592000,h3-Q050=\":443\"; ma=2592000,h3-Q046=\":443\"; ma=2592000,h3-Q043=\":443\"; ma=2592000,quic=\":443\"; ma=2592000; v=\"46,43\"","accept-ranges":"none","transfer-encoding":"chunked"}
[debug] [2021-09-04T06:49:06.584Z] >>> HTTP REQUEST GET https://firebase.googleapis.com/v1beta1/projects/personal-40151  
 
[debug] [2021-09-04T06:49:07.099Z] <<< HTTP RESPONSE 200 {"content-type":"application/json; charset=UTF-8","vary":"X-Origin, Referer, Origin,Accept-Encoding","date":"Sat, 04 Sep 2021 06:49:06 GMT","server":"ESF","cache-control":"private","x-xss-protection":"0","x-frame-options":"SAMEORIGIN","x-content-type-options":"nosniff","alt-svc":"h3=\":443\"; ma=2592000,h3-29=\":443\"; ma=2592000,h3-T051=\":443\"; ma=2592000,h3-Q050=\":443\"; ma=2592000,h3-Q046=\":443\"; ma=2592000,h3-Q043=\":443\"; ma=2592000,quic=\":443\"; ma=2592000; v=\"46,43\"","accept-ranges":"none","transfer-encoding":"chunked"}
[info] 
[info] === Deploying to 'personal-40151'...
[info] 
[info] i  deploying hosting 
[debug] [2021-09-04T06:49:07.106Z] >>> HTTP REQUEST POST https://firebasehosting.googleapis.com/v1beta1/sites/personal-40151/versions  
 {"config":{"rewrites":[{"glob":"**","path":"/index.html"}]},"labels":{"deployment-tool":"cli-firebase"}}
[debug] [2021-09-04T06:49:08.327Z] <<< HTTP RESPONSE 200 {"content-type":"application/json; charset=UTF-8","vary":"X-Origin, Referer, Origin,Accept-Encoding","date":"Sat, 04 Sep 2021 06:49:07 GMT","server":"ESF","cache-control":"private","x-xss-protection":"0","x-frame-options":"SAMEORIGIN","x-content-type-options":"nosniff","alt-svc":"h3=\":443\"; ma=2592000,h3-29=\":443\"; ma=2592000,h3-T051=\":443\"; ma=2592000,h3-Q050=\":443\"; ma=2592000,h3-Q046=\":443\"; ma=2592000,h3-Q043=\":443\"; ma=2592000,quic=\":443\"; ma=2592000; v=\"46,43\"","accept-ranges":"none","transfer-encoding":"chunked"}
[info] i  hosting[personal-40151]: beginning deploy... 
[info] i  hosting[personal-40151]: found 19 files in build/web 
[debug] [2021-09-04T06:49:08.356Z] > refreshing access token with scopes: []
[debug] [2021-09-04T06:49:08.356Z] >>> HTTP REQUEST POST https://www.googleapis.com/oauth2/v3/token  
 <request body omitted>
[debug] [2021-09-04T06:49:08.359Z] [hosting] hash cache [YnVpbGQvd2Vi] stored for 19 files
[debug] [2021-09-04T06:49:08.359Z] [hosting][hash queue][FINAL] {"max":1,"min":0,"avg":0,"active":0,"complete":19,"success":19,"errored":0,"retried":0,"total":19,"elapsed":5}
[debug] [2021-09-04T06:49:08.485Z] <<< HTTP RESPONSE 200 {"expires":"Mon, 01 Jan 1990 00:00:00 GMT","date":"Sat, 04 Sep 2021 06:49:08 GMT","cache-control":"no-cache, no-store, max-age=0, must-revalidate","pragma":"no-cache","content-type":"application/json; charset=utf-8","vary":"X-Origin, Referer, Origin,Accept-Encoding","server":"scaffolding on HTTPServer2","x-xss-protection":"0","x-frame-options":"SAMEORIGIN","x-content-type-options":"nosniff","alt-svc":"h3=\":443\"; ma=2592000,h3-29=\":443\"; ma=2592000,h3-T051=\":443\"; ma=2592000,h3-Q050=\":443\"; ma=2592000,h3-Q046=\":443\"; ma=2592000,h3-Q043=\":443\"; ma=2592000,quic=\":443\"; ma=2592000; v=\"46,43\"","accept-ranges":"none","transfer-encoding":"chunked"}
[debug] [2021-09-04T06:49:08.498Z] >>> [apiv2][query] POST https://firebasehosting.googleapis.com/v1beta1/sites/personal-40151/versions/c3b801a2fb8801d7:populateFiles [none]
[debug] [2021-09-04T06:49:08.498Z] >>> [apiv2][body] POST https://firebasehosting.googleapis.com/v1beta1/sites/personal-40151/versions/c3b801a2fb8801d7:populateFiles {"files":{"/favicon.png":"fcc7c4545d5b62ad01682589e6fdc7ea03d0a3b42069963c815c344b632eb5cf","/flutter_service_worker.js":"31b03a7df7c92d90ec9014cfdf7d58791615c3ac88cab3ea74827f8a4a177cad","/index.html":"f5e8042058ea85c2377bae1434fdb39ffe11fc0f76bf1fef905e1c48787a724e","/main.dart.js":"f34360d7f622f23275cda2335cbb3cd8e330225e48fd6256ec068e83df88ed03","/manifest.json":"f184b86be2670cc91467f63475e6b0180f1ae545b74fc483dcddc453cd3f1739","/version.json":"c9171dce1ac5e2b1db7969df00ffa0840b4d3ba5f82da994c96765431dba2838","/assets/AssetManifest.json":"d927c8e180c645ad759e36cde1c229b819c59e4543701f9d8ce1125900662112","/assets/FontManifest.json":"9ea504185602e57d97b7c3517d382b8627a13c0181c490c96a9b55a5d5c8810c","/assets/NOTICES":"7d6c2124bf4ef8ebd50dcd6fd3a32617c685a04547a7a718853613526e9e4d9c","/assets/fonts/MaterialIcons-Regular.otf":"5f71a8843e4edc9656c39061c2232458a6fc77e1603305960e4efa9c77f8b7a2","/assets/lib/assets/Duke_University_Crest.png":"d2ed3b364141b9e868c6427b837ad6db416c7bcac0444fe8707a2a327774e5d1","/assets/lib/assets/github_icon.png":"ce5885b9184de5bd6718808163f478240119bab394a6b7e4b7aedb454bb2064a","/assets/lib/assets/linkedin_icon.png":"e21fb0fe1bff9e118a0cce65111d970b248941e568c31f8c65771b22365d765a","/assets/lib/assets/portrait.jpg":"6b74fc508d416d95f7e394c42275c2484ea2c722927551feccfa9f80045456c0","/assets/packages/cupertino_icons/assets/CupertinoIcons.ttf":"3064af137aeffc9011ba060601a01177b279963822310a778aeafa74c209732c","/build/404.html":"05cbc6f94d7a69ce2e29646eab13be2c884e61ba93e3094df5028866876d18b3","/build/index.html":"454172bca6e21e33538ed3d6b2a47070a75c077ae7b059c185760d552e5bfe00","/icons/Icon-192.png":"d2e0131bb7851eb9d98f7885edb5ae4b4d6b7a6c7addf8a25b9b712b39274c0f","/icons/Icon-512.png":"7a31ce91e554f1941158ca46f31c7f3f2b7c8c129229ea74a8fae1affe335033"}}
[debug] [2021-09-04T06:49:09.159Z] <<< [apiv2][status] POST https://firebasehosting.googleapis.com/v1beta1/sites/personal-40151/versions/c3b801a2fb8801d7:populateFiles 200
[debug] [2021-09-04T06:49:09.159Z] <<< [apiv2][body] POST https://firebasehosting.googleapis.com/v1beta1/sites/personal-40151/versions/c3b801a2fb8801d7:populateFiles {"uploadUrl":"https://upload-firebasehosting.googleapis.com/upload/sites/personal-40151/versions/c3b801a2fb8801d7/files"}
[debug] [2021-09-04T06:49:09.159Z] [hosting][populate queue][FINAL] {"max":803,"min":803,"avg":803,"active":0,"complete":1,"success":1,"errored":0,"retried":0,"total":1,"elapsed":803}
[debug] [2021-09-04T06:49:09.160Z] [hosting] uploads queued: 0
[debug] [2021-09-04T06:49:09.160Z] [hosting][upload queue][FINAL] {"max":0,"min":9999999999,"avg":0,"active":0,"complete":0,"success":0,"errored":0,"retried":0,"total":0,"elapsed":1630738149160}
[info] ✔  hosting[personal-40151]: file upload complete 
[debug] [2021-09-04T06:49:09.160Z] [hosting] deploy completed after 832ms
[debug] [2021-09-04T06:49:09.284Z] [
  {
    "config": {
      "public": "build/web",
      "ignore": [
        "firebase.json",
        "**/.*",
        "**/node_modules/**"
      ],
      "rewrites": [
        {
          "source": "**",
          "destination": "/index.html"
        }
      ],
      "site": "personal-40151"
    },
    "site": "personal-40151",
    "version": "sites/personal-40151/versions/c3b801a2fb8801d7"
  }
]
[info] i  hosting[personal-40151]: finalizing version... 
[debug] [2021-09-04T06:49:09.285Z] > refreshing access token with scopes: ["email","https://www.googleapis.com/auth/cloud-platform","https://www.googleapis.com/auth/cloudplatformprojects.readonly","https://www.googleapis.com/auth/firebase","openid"]
[debug] [2021-09-04T06:49:09.285Z] >>> HTTP REQUEST POST https://www.googleapis.com/oauth2/v3/token  
 <request body omitted>
[debug] [2021-09-04T06:49:09.392Z] <<< HTTP RESPONSE 200 {"cache-control":"no-cache, no-store, max-age=0, must-revalidate","pragma":"no-cache","expires":"Mon, 01 Jan 1990 00:00:00 GMT","date":"Sat, 04 Sep 2021 06:49:09 GMT","content-type":"application/json; charset=utf-8","vary":"X-Origin, Referer, Origin,Accept-Encoding","server":"scaffolding on HTTPServer2","x-xss-protection":"0","x-frame-options":"SAMEORIGIN","x-content-type-options":"nosniff","alt-svc":"h3=\":443\"; ma=2592000,h3-29=\":443\"; ma=2592000,h3-T051=\":443\"; ma=2592000,h3-Q050=\":443\"; ma=2592000,h3-Q046=\":443\"; ma=2592000,h3-Q043=\":443\"; ma=2592000,quic=\":443\"; ma=2592000; v=\"46,43\"","accept-ranges":"none","transfer-encoding":"chunked"}
[debug] [2021-09-04T06:49:09.409Z] >>> HTTP REQUEST PATCH https://firebasehosting.googleapis.com/v1beta1/sites/personal-40151/versions/c3b801a2fb8801d7?updateMask=status  
 {"status":"FINALIZED"}
[debug] [2021-09-04T06:49:10.374Z] <<< HTTP RESPONSE 200 {"content-type":"application/json; charset=UTF-8","vary":"X-Origin, Referer, Origin,Accept-Encoding","date":"Sat, 04 Sep 2021 06:49:09 GMT","server":"ESF","cache-control":"private","x-xss-protection":"0","x-frame-options":"SAMEORIGIN","x-content-type-options":"nosniff","alt-svc":"h3=\":443\"; ma=2592000,h3-29=\":443\"; ma=2592000,h3-T051=\":443\"; ma=2592000,h3-Q050=\":443\"; ma=2592000,h3-Q046=\":443\"; ma=2592000,h3-Q043=\":443\"; ma=2592000,quic=\":443\"; ma=2592000; v=\"46,43\"","accept-ranges":"none","transfer-encoding":"chunked"}
[debug] [2021-09-04T06:49:10.374Z] [hosting] finalized version for personal-40151: {"name":"sites/personal-40151/versions/c3b801a2fb8801d7","status":"FINALIZED","config":{"rewrites":[{"glob":"**","path":"/index.html"}]},"labels":{"deployment-tool":"cli-firebase"},"createTime":"2021-09-04T06:49:07.394394Z","createUser":{"email":"stevenohj@gmail.com"},"finalizeTime":"2021-09-04T06:49:09.912494Z","finalizeUser":{"email":"stevenohj@gmail.com"}}
[info] ✔  hosting[personal-40151]: version finalized 
[info] i  hosting[personal-40151]: releasing new version... 
[debug] [2021-09-04T06:49:10.375Z] >>> HTTP REQUEST POST https://firebasehosting.googleapis.com/v1beta1/sites/personal-40151/releases?version_name=sites/personal-40151/versions/c3b801a2fb8801d7  
 {"message":null}
